This file contains any messages produced by compilers while
running configure, to aid debugging if configure makes a mistake.

configure:1076: checking for gcc
configure:1189: checking whether the C compiler (gcc -O3 -s ) works
configure:1205: gcc -o conftest -O3 -s   conftest.c  1>&5
configure:1231: checking whether the C compiler (gcc -O3 -s ) is a cross-compiler
configure:1236: checking whether we are using GNU C
configure:1245: gcc -E conftest.c
configure:1264: checking whether gcc accepts -g
configure:1296: checking how to run the C preprocessor
configure:1317: gcc -E  conftest.c >/dev/null 2>conftest.out
configure:1387: checking for a BSD compatible install
configure:1443: checking for mv
configure:1479: checking for rm
configure:1515: checking for cp
configure:1551: checking for sed
configure:1587: checking for awk
configure:1623: checking for echo
configure:1659: checking for cmp
configure:1695: checking for tbl
configure:1730: checking for AIX
configure:1754: checking for POSIXized ISC
configure:1782: checking for X
configure:1849: gcc -E  conftest.c >/dev/null 2>conftest.out
configure:1845: X11/Intrinsic.h: No such file or directory
configure: failed program was:
#line 1844 "configure"
#include "confdefs.h"
#include <X11/Intrinsic.h>
configure:1925: gcc -o conftest -O3 -s   conftest.c -lXt  1>&5
/usr/bin/ld: cannot find -lXt
collect2: ld returned 1 exit status
configure: failed program was:
#line 1918 "configure"
#include "confdefs.h"

int main() {
XtMalloc()
; return 0; }
configure:2900: checking for sys/wait.h that is POSIX.1 compatible
configure:2921: gcc -c -O3 -s  conftest.c 1>&5
configure:2961: checking for assert.h
configure:2971: gcc -E  conftest.c >/dev/null 2>conftest.out
configure:2961: checking for fcntl.h
configure:2971: gcc -E  conftest.c >/dev/null 2>conftest.out
configure:2961: checking for grp.h
configure:2971: gcc -E  conftest.c >/dev/null 2>conftest.out
configure:2961: checking for libc.h
configure:2971: gcc -E  conftest.c >/dev/null 2>conftest.out
configure:2967: libc.h: No such file or directory
configure: failed program was:
#line 2966 "configure"
#include "confdefs.h"
#include <libc.h>
configure:2961: checking for lastlog.h
configure:2971: gcc -E  conftest.c >/dev/null 2>conftest.out
configure:2961: checking for stdarg.h
configure:2971: gcc -E  conftest.c >/dev/null 2>conftest.out
configure:2961: checking for stdlib.h
configure:2971: gcc -E  conftest.c >/dev/null 2>conftest.out
configure:2961: checking for string.h
configure:2971: gcc -E  conftest.c >/dev/null 2>conftest.out
configure:2961: checking for termios.h
configure:2971: gcc -E  conftest.c >/dev/null 2>conftest.out
configure:2961: checking for unistd.h
configure:2971: gcc -E  conftest.c >/dev/null 2>conftest.out
configure:2961: checking for sys/byteorder.h
configure:2971: gcc -E  conftest.c >/dev/null 2>conftest.out
configure:2967: sys/byteorder.h: No such file or directory
configure: failed program was:
#line 2966 "configure"
#include "confdefs.h"
#include <sys/byteorder.h>
configure:2961: checking for sys/ioctl.h
configure:2971: gcc -E  conftest.c >/dev/null 2>conftest.out
configure:2961: checking for sys/select.h
configure:2971: gcc -E  conftest.c >/dev/null 2>conftest.out
configure:2961: checking for sys/sockio.h
configure:2971: gcc -E  conftest.c >/dev/null 2>conftest.out
configure:2967: sys/sockio.h: No such file or directory
configure: failed program was:
#line 2966 "configure"
#include "confdefs.h"
#include <sys/sockio.h>
configure:2961: checking for sys/time.h
configure:2971: gcc -E  conftest.c >/dev/null 2>conftest.out
configure:2999: checking whether time.h and sys/time.h may both be included
configure:3013: gcc -c -O3 -s  conftest.c 1>&5
configure:3046: checking for -R dynamic library path recording
configure:3063: gcc -o conftest -O3 -s    conftest.c    -lX11 1>&5
configure:3056: X11/X.h: No such file or directory
configure: failed program was:
#line 3054 "configure"
#include "confdefs.h"

#include <X11/X.h>
main()
{
    (void) XOpenDisplay("local:0.0");
}
configure:3083: checking for XPointer
configure:3095: gcc -c -O3 -s   conftest.c 1>&5
configure:3089: X11/Xlib.h: No such file or directory
configure: failed program was:
#line 3088 "configure"
#include "confdefs.h"
#include <X11/Xlib.h>
int main() {
XPointer dummy;
; return 0; }
configure:3119: checking for working const
configure:3173: gcc -c -O3 -s  conftest.c 1>&5
configure:3194: checking for inline
configure:3208: gcc -c -O3 -s  conftest.c 1>&5
configure:3236: checking for ANSI C header files
configure:3249: gcc -E  conftest.c >/dev/null 2>conftest.out
configure:3316: gcc -o conftest -O3 -s   conftest.c  1>&5
configure:3340: checking for mode_t
configure:3373: checking for pid_t
configure:3406: checking for uid_t in sys/types.h
configure:3442: checking size of char
configure:3461: gcc -o conftest -O3 -s   conftest.c  1>&5
configure:3481: checking size of short
configure:3500: gcc -o conftest -O3 -s   conftest.c  1>&5
configure:3520: checking size of int
configure:3539: gcc -o conftest -O3 -s   conftest.c  1>&5
configure:3559: checking size of long
configure:3578: gcc -o conftest -O3 -s   conftest.c  1>&5
configure:3598: checking size of long long
configure:3617: gcc -o conftest -O3 -s   conftest.c  1>&5
configure:3637: checking size of int *
configure:3656: gcc -o conftest -O3 -s   conftest.c  1>&5
configure:3681: checking for int16_t
configure:3693: gcc -c -O3 -s  conftest.c 1>&5
configure:3735: checking for u_int16_t
configure:3747: gcc -c -O3 -s  conftest.c 1>&5
configure:3789: checking for int32_t
configure:3801: gcc -c -O3 -s  conftest.c 1>&5
configure:3843: checking for u_int32_t
configure:3855: gcc -c -O3 -s  conftest.c 1>&5
configure:3897: checking for int64_t
configure:3909: gcc -c -O3 -s  conftest.c 1>&5
configure:3951: checking for u_int64_t
configure:3963: gcc -c -O3 -s  conftest.c 1>&5
configure:4025: checking return type of signal handlers
configure:4047: gcc -c -O3 -s  conftest.c 1>&5
configure:4081: checking for atexit
configure:4109: gcc -o conftest -O3 -s   conftest.c  1>&5
configure:4081: checking for revoke
configure:4109: gcc -o conftest -O3 -s   conftest.c  1>&5
/tmp/ccuyrcr3.o(.text+0xc):conftest.c: undefined reference to `revoke'
collect2: ld returned 1 exit status
configure: failed program was:
#line 4086 "configure"
#include "confdefs.h"
/* System header to define __stub macros and hopefully few prototypes,
    which can conflict with char revoke(); below.  */
#include <assert.h>
/* Override any gcc2 internal prototype to avoid an error.  */
/* We use char because int might match the return type of a gcc2
    builtin and then its argument prototype would still apply.  */
char revoke();

int main() {

/* The GNU C library defines this for functions which it implements
    to always fail with ENOSYS.  Some functions are actually named
    something starting with __ and the normal name is an alias.  */
#if defined (__stub_revoke) || defined (__stub___revoke)
choke me
#else
revoke();
#endif

; return 0; }
configure:4081: checking for unsetenv
configure:4109: gcc -o conftest -O3 -s   conftest.c  1>&5
configure:4081: checking for setutent
configure:4109: gcc -o conftest -O3 -s   conftest.c  1>&5
/tmp/ccdrY92q.o(.text+0xc):conftest.c: undefined reference to `setutent'
collect2: ld returned 1 exit status
configure: failed program was:
#line 4086 "configure"
#include "confdefs.h"
/* System header to define __stub macros and hopefully few prototypes,
    which can conflict with char setutent(); below.  */
#include <assert.h>
/* Override any gcc2 internal prototype to avoid an error.  */
/* We use char because int might match the return type of a gcc2
    builtin and then its argument prototype would still apply.  */
char setutent();

int main() {

/* The GNU C library defines this for functions which it implements
    to always fail with ENOSYS.  Some functions are actually named
    something starting with __ and the normal name is an alias.  */
#if defined (__stub_setutent) || defined (__stub___setutent)
choke me
#else
setutent();
#endif

; return 0; }
configure:4081: checking for seteuid
configure:4109: gcc -o conftest -O3 -s   conftest.c  1>&5
configure:4081: checking for setreuid
configure:4109: gcc -o conftest -O3 -s   conftest.c  1>&5
/tmp/ccfcbdlf.o(.text+0xc):conftest.c: undefined reference to `setreuid'
collect2: ld returned 1 exit status
configure: failed program was:
#line 4086 "configure"
#include "confdefs.h"
/* System header to define __stub macros and hopefully few prototypes,
    which can conflict with char setreuid(); below.  */
#include <assert.h>
/* Override any gcc2 internal prototype to avoid an error.  */
/* We use char because int might match the return type of a gcc2
    builtin and then its argument prototype would still apply.  */
char setreuid();

int main() {

/* The GNU C library defines this for functions which it implements
    to always fail with ENOSYS.  Some functions are actually named
    something starting with __ and the normal name is an alias.  */
#if defined (__stub_setreuid) || defined (__stub___setreuid)
choke me
#else
setreuid();
#endif

; return 0; }
configure:4081: checking for setsid
configure:4109: gcc -o conftest -O3 -s   conftest.c  1>&5
configure:4081: checking for setpgrp
configure:4109: gcc -o conftest -O3 -s   conftest.c  1>&5
configure:4081: checking for setpgid
configure:4109: gcc -o conftest -O3 -s   conftest.c  1>&5
configure:4081: checking for _getpty
configure:4109: gcc -o conftest -O3 -s   conftest.c  1>&5
/tmp/cc8iL5Jn.o(.text+0xc):conftest.c: undefined reference to `_getpty'
collect2: ld returned 1 exit status
configure: failed program was:
#line 4086 "configure"
#include "confdefs.h"
/* System header to define __stub macros and hopefully few prototypes,
    which can conflict with char _getpty(); below.  */
#include <assert.h>
/* Override any gcc2 internal prototype to avoid an error.  */
/* We use char because int might match the return type of a gcc2
    builtin and then its argument prototype would still apply.  */
char _getpty();

int main() {

/* The GNU C library defines this for functions which it implements
    to always fail with ENOSYS.  Some functions are actually named
    something starting with __ and the normal name is an alias.  */
#if defined (__stub__getpty) || defined (__stub____getpty)
choke me
#else
_getpty();
#endif

; return 0; }
configure:4081: checking for grantpt
configure:4109: gcc -o conftest -O3 -s   conftest.c  1>&5
configure:4081: checking for unlockpt
configure:4109: gcc -o conftest -O3 -s   conftest.c  1>&5
configure:4589: checking for struct lastlog
configure:4606: gcc -c -O3 -s  conftest.c 1>&5
configure:4627: checking where lastlog is located
configure:4665: gcc -o conftest -O3 -s   conftest.c  1>&5
configure:4695: checking where ttys/ttytab is located
configure:4725: checking for working Xlocale
configure:4743: gcc -o conftest -O3 -s    conftest.c    -lX11 1>&5
configure:4734: X11/Xlib.h: No such file or directory
configure: failed program was:
#line 4733 "configure"
#include "confdefs.h"
#include <X11/Xlib.h>
main() {
char *p;
if ((p = XSetLocaleModifiers("@im=none")) != NULL && *p)
exit (XSupportsLocale() ? 0 : 1);
else
exit (1);}
configure:4766: checking for working X setlocale
configure:4779: gcc -o conftest -O3 -s    conftest.c    -lX11 1>&5
configure:4773: X11/Xlocale.h: No such file or directory
configure: failed program was:
#line 4771 "configure"
#include "confdefs.h"
#define X_LOCALE 1
#include <X11/Xlocale.h>
int main() {
setlocale(LC_CTYPE, "");
; return 0; }
configure:4802: checking for working plain setlocale
configure:4814: gcc -o conftest -O3 -s   conftest.c  1>&5
configure:4835: checking for getpt
configure:4850: gcc -o conftest -O3 -s   conftest.c  1>&5
/tmp/ccmvHR74.o(.text+0xc):conftest.c: undefined reference to `getpt'
collect2: ld returned 1 exit status
configure: failed program was:
#line 4840 "configure"
#include "confdefs.h"
#define _GNU_SOURCE
#ifdef HAVE_STDLIB_H
# include <stdlib.h>
#endif
int main() {
(void)getpt();
; return 0; }
configure:4872: checking for tty/pty type
configure:4956: gcc -o conftest -O3 -s   conftest.c  1>&5
configure:5045: checking for setlocale in -lxpg4
configure:5064: gcc -o conftest -O3 -s   conftest.c -lxpg4   1>&5
/usr/bin/ld: cannot find -lxpg4
collect2: ld returned 1 exit status
configure: failed program was:
#line 5053 "configure"
#include "confdefs.h"
/* Override any gcc2 internal prototype to avoid an error.  */
/* We use char because int might match the return type of a gcc2
    builtin and then its argument prototype would still apply.  */
char setlocale();

int main() {
setlocale()
; return 0; }
